0 verbose cli /Users/zach/.nvm/versions/node/v18.20.8/bin/node /Users/zach/.nvm/versions/node/v18.20.8/bin/npm
1 info using npm@10.8.2
2 info using node@v18.20.8
3 silly config load:file:/Users/zach/.nvm/versions/node/v18.20.8/lib/node_modules/npm/npmrc
4 silly config load:file:/Users/zach/Downloads/Nomad Magic/.npmrc
5 silly config load:file:/Users/zach/.npmrc
6 silly config load:file:/Users/zach/.nvm/versions/node/v18.20.8/etc/npmrc
7 verbose title npm install @radix-ui/react-icons @radix-ui/react-slot class-variance-authority clsx framer-motion lucide-react next-themes sonner tailwind-merge tailwindcss-animate @hookform/resolvers zod react-hook-form
8 verbose argv "install" "@radix-ui/react-icons" "@radix-ui/react-slot" "class-variance-authority" "clsx" "framer-motion" "lucide-react" "next-themes" "sonner" "tailwind-merge" "tailwindcss-animate" "@hookform/resolvers" "zod" "react-hook-form"
9 verbose logfile logs-max:10 dir:/Users/zach/Downloads/Nomad Magic/.npm-cache/_logs/2025-04-18T16_25_47_491Z-
10 verbose logfile /Users/zach/Downloads/Nomad Magic/.npm-cache/_logs/2025-04-18T16_25_47_491Z-debug-0.log
11 silly packumentCache heap:4345298944 maxSize:1086324736 maxEntrySize:543162368
12 silly logfile done cleaning log files
13 silly idealTree buildDeps
14 silly fetch manifest @hookform/resolvers@^3.3.4
15 silly packumentCache full:https://registry.npmjs.org/@hookform%2fresolvers cache-miss
16 http fetch GET 200 https://registry.npmjs.org/@hookform%2fresolvers 40ms (cache hit)
17 silly packumentCache full:https://registry.npmjs.org/@hookform%2fresolvers set size:819959 disposed:false
18 silly fetch manifest react-hook-form@^7.51.3
19 silly packumentCache full:https://registry.npmjs.org/react-hook-form cache-miss
20 http fetch GET 200 https://registry.npmjs.org/react-hook-form 6ms (cache hit)
21 silly packumentCache full:https://registry.npmjs.org/react-hook-form set size:4959047 disposed:false
22 silly fetch manifest react@^18.3.1
23 silly packumentCache full:https://registry.npmjs.org/react cache-miss
24 http fetch GET 200 https://registry.npmjs.org/react 8ms (cache hit)
25 silly packumentCache full:https://registry.npmjs.org/react set size:5618025 disposed:false
26 silly fetch manifest @radix-ui/react-icons@^1.3.0
27 silly packumentCache full:https://registry.npmjs.org/@radix-ui%2freact-icons cache-miss
28 http fetch GET 200 https://registry.npmjs.org/@radix-ui%2freact-icons 3ms (cache hit)
29 silly packumentCache full:https://registry.npmjs.org/@radix-ui%2freact-icons set size:30154 disposed:false
30 silly fetch manifest @radix-ui/react-slot@^1.0.2
31 silly packumentCache full:https://registry.npmjs.org/@radix-ui%2freact-slot cache-miss
32 http fetch GET 200 https://registry.npmjs.org/@radix-ui%2freact-slot 2ms (cache hit)
33 silly packumentCache full:https://registry.npmjs.org/@radix-ui%2freact-slot set size:317899 disposed:false
34 silly fetch manifest @types/react@^18
35 silly packumentCache full:https://registry.npmjs.org/@types%2freact cache-miss
36 http fetch GET 200 https://registry.npmjs.org/@types%2freact 4ms (cache hit)
37 silly packumentCache full:https://registry.npmjs.org/@types%2freact set size:2355905 disposed:false
38 silly fetch manifest class-variance-authority@^0.7.0
39 silly packumentCache full:https://registry.npmjs.org/class-variance-authority cache-miss
40 http fetch GET 200 https://registry.npmjs.org/class-variance-authority 2ms (cache hit)
41 silly packumentCache full:https://registry.npmjs.org/class-variance-authority set size:96388 disposed:false
42 silly fetch manifest clsx@^2.1.0
43 silly packumentCache full:https://registry.npmjs.org/clsx cache-miss
44 http fetch GET 200 https://registry.npmjs.org/clsx 2ms (cache hit)
45 silly packumentCache full:https://registry.npmjs.org/clsx set size:42489 disposed:false
46 silly fetch manifest framer-motion@^11.0.14
47 silly packumentCache full:https://registry.npmjs.org/framer-motion cache-miss
48 http fetch GET 200 https://registry.npmjs.org/framer-motion 11ms (cache hit)
49 silly packumentCache full:https://registry.npmjs.org/framer-motion set size:8884291 disposed:false
50 silly fetch manifest @emotion/is-prop-valid@*
51 silly packumentCache full:https://registry.npmjs.org/@emotion%2fis-prop-valid cache-miss
52 http fetch GET 200 https://registry.npmjs.org/@emotion%2fis-prop-valid 7ms (cache hit)
53 silly packumentCache full:https://registry.npmjs.org/@emotion%2fis-prop-valid set size:94483 disposed:false
54 silly fetch manifest react-dom@^18.3.1
55 silly packumentCache full:https://registry.npmjs.org/react-dom cache-miss
56 http fetch GET 200 https://registry.npmjs.org/react-dom 13ms (cache hit)
57 silly packumentCache full:https://registry.npmjs.org/react-dom set size:7100576 disposed:false
58 silly fetch manifest lucide-react@^0.358.0
59 silly packumentCache full:https://registry.npmjs.org/lucide-react cache-miss
60 http fetch GET 200 https://registry.npmjs.org/lucide-react 6ms (cache hit)
61 silly packumentCache full:https://registry.npmjs.org/lucide-react set size:1943186 disposed:false
62 silly fetch manifest next-themes@^0.3.0
63 silly packumentCache full:https://registry.npmjs.org/next-themes cache-miss
64 http fetch GET 200 https://registry.npmjs.org/next-themes 4ms (cache hit)
65 silly packumentCache full:https://registry.npmjs.org/next-themes set size:162039 disposed:false
66 silly fetch manifest sonner@^1.4.41
67 silly packumentCache full:https://registry.npmjs.org/sonner cache-miss
68 http fetch GET 200 https://registry.npmjs.org/sonner 1ms (cache hit)
69 silly packumentCache full:https://registry.npmjs.org/sonner set size:134176 disposed:false
70 silly fetch manifest tailwind-merge@^2.2.2
71 silly packumentCache full:https://registry.npmjs.org/tailwind-merge cache-miss
72 http fetch GET 200 https://registry.npmjs.org/tailwind-merge 2ms (cache hit)
73 silly packumentCache full:https://registry.npmjs.org/tailwind-merge set size:1282222 disposed:false
74 silly fetch manifest tailwindcss-animate@^1.0.7
75 silly packumentCache full:https://registry.npmjs.org/tailwindcss-animate cache-miss
76 http fetch GET 200 https://registry.npmjs.org/tailwindcss-animate 1ms (cache hit)
77 silly packumentCache full:https://registry.npmjs.org/tailwindcss-animate set size:29893 disposed:false
78 silly fetch manifest tailwindcss@^3.3.0
79 silly packumentCache full:https://registry.npmjs.org/tailwindcss cache-miss
80 http fetch GET 200 https://registry.npmjs.org/tailwindcss 11ms (cache hit)
81 silly packumentCache full:https://registry.npmjs.org/tailwindcss set size:8747513 disposed:false
82 silly fetch manifest zod@^3.22.4
83 silly packumentCache full:https://registry.npmjs.org/zod cache-miss
84 http fetch GET 200 https://registry.npmjs.org/zod 3ms (cache hit)
85 silly packumentCache full:https://registry.npmjs.org/zod set size:1590416 disposed:false
86 silly placeDep ROOT @hookform/resolvers@3.10.0 REPLACE for: startup-template@0.1.0 want: ^3.3.4
87 silly placeDep ROOT @radix-ui/react-icons@1.3.2 REPLACE for: startup-template@0.1.0 want: ^1.3.0
88 silly placeDep ROOT @radix-ui/react-slot@1.2.0 REPLACE for: startup-template@0.1.0 want: ^1.0.2
89 silly placeDep ROOT class-variance-authority@0.7.1 REPLACE for: startup-template@0.1.0 want: ^0.7.0
90 silly placeDep ROOT clsx@2.1.1 REPLACE for: startup-template@0.1.0 want: ^2.1.0
91 silly placeDep ROOT framer-motion@11.18.2 REPLACE for: startup-template@0.1.0 want: ^11.0.14
92 silly placeDep ROOT lucide-react@0.358.0 REPLACE for: startup-template@0.1.0 want: ^0.358.0
93 silly placeDep ROOT next-themes@0.3.0 REPLACE for: startup-template@0.1.0 want: ^0.3.0
94 silly placeDep ROOT react-hook-form@7.55.0 REPLACE for: startup-template@0.1.0 want: ^7.51.3
95 silly placeDep ROOT sonner@1.7.4 REPLACE for: startup-template@0.1.0 want: ^1.4.41
96 silly placeDep ROOT tailwind-merge@2.6.0 REPLACE for: startup-template@0.1.0 want: ^2.2.2
97 silly placeDep ROOT tailwindcss-animate@1.0.7 REPLACE for: startup-template@0.1.0 want: ^1.0.7
98 silly placeDep ROOT zod@3.24.3 REPLACE for: startup-template@0.1.0 want: ^3.22.4
99 silly reify moves {}
100 silly audit bulk request {
100 silly audit   '@alloc/quick-lru': [ '5.2.0' ],
100 silly audit   '@emnapi/core': [ '1.4.3' ],
100 silly audit   '@emnapi/runtime': [ '1.4.3' ],
100 silly audit   '@emnapi/wasi-threads': [ '1.0.2' ],
100 silly audit   '@eslint-community/eslint-utils': [ '4.6.1' ],
100 silly audit   '@eslint-community/regexpp': [ '4.12.1' ],
100 silly audit   '@eslint/eslintrc': [ '2.1.4' ],
100 silly audit   '@eslint/js': [ '8.57.1' ],
100 silly audit   '@humanwhocodes/config-array': [ '0.13.0' ],
100 silly audit   '@humanwhocodes/module-importer': [ '1.0.1' ],
100 silly audit   '@humanwhocodes/object-schema': [ '2.0.3' ],
100 silly audit   '@isaacs/cliui': [ '8.0.2' ],
100 silly audit   'ansi-regex': [ '6.1.0', '5.0.1' ],
100 silly audit   'strip-ansi': [ '7.1.0', '6.0.1' ],
100 silly audit   '@jridgewell/gen-mapping': [ '0.3.8' ],
100 silly audit   '@jridgewell/resolve-uri': [ '3.1.2' ],
100 silly audit   '@jridgewell/set-array': [ '1.2.1' ],
100 silly audit   '@jridgewell/sourcemap-codec': [ '1.5.0' ],
100 silly audit   '@jridgewell/trace-mapping': [ '0.3.25' ],
100 silly audit   '@napi-rs/wasm-runtime': [ '0.2.9' ],
100 silly audit   '@next/env': [ '14.2.0' ],
100 silly audit   '@next/eslint-plugin-next': [ '14.2.0' ],
100 silly audit   '@next/swc-darwin-arm64': [ '14.2.0' ],
100 silly audit   '@next/swc-darwin-x64': [ '14.2.0' ],
100 silly audit   '@next/swc-linux-arm64-gnu': [ '14.2.0' ],
100 silly audit   '@next/swc-linux-arm64-musl': [ '14.2.0' ],
100 silly audit   '@next/swc-linux-x64-gnu': [ '14.2.0' ],
100 silly audit   '@next/swc-linux-x64-musl': [ '14.2.0' ],
100 silly audit   '@next/swc-win32-arm64-msvc': [ '14.2.0' ],
100 silly audit   '@next/swc-win32-ia32-msvc': [ '14.2.0' ],
100 silly audit   '@next/swc-win32-x64-msvc': [ '14.2.0' ],
100 silly audit   '@nodelib/fs.scandir': [ '2.1.5' ],
100 silly audit   '@nodelib/fs.stat': [ '2.0.5' ],
100 silly audit   '@nodelib/fs.walk': [ '1.2.8' ],
100 silly audit   '@nolyfill/is-core-module': [ '1.0.39' ],
100 silly audit   '@pkgjs/parseargs': [ '0.11.0' ],
100 silly audit   '@radix-ui/primitive': [ '1.1.2' ],
100 silly audit   '@radix-ui/react-compose-refs': [ '1.1.2' ],
100 silly audit   '@radix-ui/react-context': [ '1.1.2' ],
100 silly audit   '@radix-ui/react-label': [ '2.1.4' ],
100 silly audit   '@radix-ui/react-primitive': [ '2.1.0' ],
100 silly audit   '@radix-ui/react-switch': [ '1.2.0' ],
100 silly audit   '@radix-ui/react-use-controllable-state': [ '1.2.0' ],
100 silly audit   '@radix-ui/react-use-effect-event': [ '0.0.0' ],
100 silly audit   '@radix-ui/react-use-layout-effect': [ '1.1.1' ],
100 silly audit   '@radix-ui/react-use-previous': [ '1.1.1' ],
100 silly audit   '@radix-ui/react-use-size': [ '1.1.1' ],
100 silly audit   '@rtsao/scc': [ '1.1.0' ],
100 silly audit   '@rushstack/eslint-patch': [ '1.11.0' ],
100 silly audit   '@swc/counter': [ '0.1.3' ],
100 silly audit   '@swc/helpers': [ '0.5.5' ],
100 silly audit   '@tybys/wasm-util': [ '0.9.0' ],
100 silly audit   '@types/json5': [ '0.0.29' ],
100 silly audit   '@types/node': [ '20.17.30' ],
100 silly audit   '@types/prop-types': [ '15.7.14' ],
100 silly audit   '@types/react': [ '18.3.20' ],
100 silly audit   '@types/react-dom': [ '18.3.6' ],
100 silly audit   '@typescript-eslint/parser': [ '7.2.0' ],
100 silly audit   '@typescript-eslint/scope-manager': [ '7.2.0' ],
100 silly audit   '@typescript-eslint/types': [ '7.2.0' ],
100 silly audit   '@typescript-eslint/typescript-estree': [ '7.2.0' ],
100 silly audit   'brace-expansion': [ '2.0.1', '1.1.11' ],
100 silly audit   minimatch: [ '9.0.3', '9.0.5', '3.1.2' ],
100 silly audit   '@typescript-eslint/visitor-keys': [ '7.2.0' ],
100 silly audit   '@ungap/structured-clone': [ '1.3.0' ],
100 silly audit   '@unrs/resolver-binding-darwin-arm64': [ '1.5.0' ],
100 silly audit   '@unrs/resolver-binding-darwin-x64': [ '1.5.0' ],
100 silly audit   '@unrs/resolver-binding-freebsd-x64': [ '1.5.0' ],
100 silly audit   '@unrs/resolver-binding-linux-arm-gnueabihf': [ '1.5.0' ],
100 silly audit   '@unrs/resolver-binding-linux-arm-musleabihf': [ '1.5.0' ],
100 silly audit   '@unrs/resolver-binding-linux-arm64-gnu': [ '1.5.0' ],
100 silly audit   '@unrs/resolver-binding-linux-arm64-musl': [ '1.5.0' ],
100 silly audit   '@unrs/resolver-binding-linux-ppc64-gnu': [ '1.5.0' ],
100 silly audit   '@unrs/resolver-binding-linux-riscv64-gnu': [ '1.5.0' ],
100 silly audit   '@unrs/resolver-binding-linux-s390x-gnu': [ '1.5.0' ],
100 silly audit   '@unrs/resolver-binding-linux-x64-gnu': [ '1.5.0' ],
100 silly audit   '@unrs/resolver-binding-linux-x64-musl': [ '1.5.0' ],
100 silly audit   '@unrs/resolver-binding-wasm32-wasi': [ '1.5.0' ],
100 silly audit   '@unrs/resolver-binding-win32-arm64-msvc': [ '1.5.0' ],
100 silly audit   '@unrs/resolver-binding-win32-ia32-msvc': [ '1.5.0' ],
100 silly audit   '@unrs/resolver-binding-win32-x64-msvc': [ '1.5.0' ],
100 silly audit   acorn: [ '8.14.1' ],
100 silly audit   'acorn-jsx': [ '5.3.2' ],
100 silly audit   ajv: [ '6.12.6' ],
100 silly audit   'ansi-styles': [ '4.3.0', '6.2.1' ],
100 silly audit   'any-promise': [ '1.3.0' ],
100 silly audit   anymatch: [ '3.1.3' ],
100 silly audit   arg: [ '5.0.2' ],
100 silly audit   argparse: [ '2.0.1' ],
100 silly audit   'aria-query': [ '5.3.2' ],
100 silly audit   'array-buffer-byte-length': [ '1.0.2' ],
100 silly audit   'array-includes': [ '3.1.8' ],
100 silly audit   'array-union': [ '2.1.0' ],
100 silly audit   'array.prototype.findlast': [ '1.2.5' ],
100 silly audit   'array.prototype.findlastindex': [ '1.2.6' ],
100 silly audit   'array.prototype.flat': [ '1.3.3' ],
100 silly audit   'array.prototype.flatmap': [ '1.3.3' ],
100 silly audit   'array.prototype.tosorted': [ '1.1.4' ],
100 silly audit   'arraybuffer.prototype.slice': [ '1.0.4' ],
100 silly audit   'ast-types-flow': [ '0.0.8' ],
100 silly audit   'async-function': [ '1.0.0' ],
100 silly audit   autoprefixer: [ '10.4.21' ],
100 silly audit   'available-typed-arrays': [ '1.0.7' ],
100 silly audit   'axe-core': [ '4.10.3' ],
100 silly audit   'axobject-query': [ '4.1.0' ],
100 silly audit   'balanced-match': [ '1.0.2' ],
100 silly audit   'binary-extensions': [ '2.3.0' ],
100 silly audit   braces: [ '3.0.3' ],
100 silly audit   browserslist: [ '4.24.4' ],
100 silly audit   busboy: [ '1.6.0' ],
100 silly audit   'call-bind': [ '1.0.8' ],
100 silly audit   'call-bind-apply-helpers': [ '1.0.2' ],
100 silly audit   'call-bound': [ '1.0.4' ],
100 silly audit   callsites: [ '3.1.0' ],
100 silly audit   'camelcase-css': [ '2.0.1' ],
100 silly audit   'caniuse-lite': [ '1.0.30001714' ],
100 silly audit   chalk: [ '4.1.2' ],
100 silly audit   chokidar: [ '3.6.0' ],
100 silly audit   'glob-parent': [ '5.1.2', '6.0.2' ],
100 silly audit   'client-only': [ '0.0.1' ],
100 silly audit   'color-convert': [ '2.0.1' ],
100 silly audit   'color-name': [ '1.1.4' ],
100 silly audit   commander: [ '4.1.1' ],
100 silly audit   'concat-map': [ '0.0.1' ],
100 silly audit   'cross-spawn': [ '7.0.6' ],
100 silly audit   cssesc: [ '3.0.0' ],
100 silly audit   csstype: [ '3.1.3' ],
100 silly audit   'damerau-levenshtein': [ '1.0.8' ],
100 silly audit   'data-view-buffer': [ '1.0.2' ],
100 silly audit   'data-view-byte-length': [ '1.0.2' ],
100 silly audit   'data-view-byte-offset': [ '1.0.1' ],
100 silly audit   debug: [ '4.4.0', '3.2.7' ],
100 silly audit   'deep-is': [ '0.1.4' ],
100 silly audit   'define-data-property': [ '1.1.4' ],
100 silly audit   'define-properties': [ '1.2.1' ],
100 silly audit   didyoumean: [ '1.2.2' ],
100 silly audit   'dir-glob': [ '3.0.1' ],
100 silly audit   dlv: [ '1.1.3' ],
100 silly audit   doctrine: [ '3.0.0', '2.1.0' ],
100 silly audit   'dunder-proto': [ '1.0.1' ],
100 silly audit   eastasianwidth: [ '0.2.0' ],
100 silly audit   'electron-to-chromium': [ '1.5.138' ],
100 silly audit   'emoji-regex': [ '9.2.2', '8.0.0' ],
100 silly audit   'es-abstract': [ '1.23.9' ],
100 silly audit   'es-define-property': [ '1.0.1' ],
100 silly audit   'es-errors': [ '1.3.0' ],
100 silly audit   'es-iterator-helpers': [ '1.2.1' ],
100 silly audit   'es-object-atoms': [ '1.1.1' ],
100 silly audit   'es-set-tostringtag': [ '2.1.0' ],
100 silly audit   'es-shim-unscopables': [ '1.1.0' ],
100 silly audit   'es-to-primitive': [ '1.3.0' ],
100 silly audit   escalade: [ '3.2.0' ],
100 silly audit   'escape-string-regexp': [ '4.0.0' ],
100 silly audit   eslint: [ '8.57.1' ],
100 silly audit   'eslint-config-next': [ '14.2.0' ],
100 silly audit   'eslint-import-resolver-node': [ '0.3.9' ],
100 silly audit   'eslint-import-resolver-typescript': [ '3.10.0' ],
100 silly audit   'eslint-module-utils': [ '2.12.0' ],
100 silly audit   'eslint-plugin-import': [ '2.31.0' ],
100 silly audit   semver: [ '6.3.1', '7.7.1' ],
100 silly audit   'eslint-plugin-jsx-a11y': [ '6.10.2' ],
100 silly audit   'eslint-plugin-react': [ '7.37.5' ],
100 silly audit   'eslint-plugin-react-hooks': [ '5.0.0-canary-7118f5dd7-20230705' ],
100 silly audit   resolve: [ '2.0.0-next.5', '1.22.10' ],
100 silly audit   'eslint-scope': [ '7.2.2' ],
100 silly audit   'eslint-visitor-keys': [ '3.4.3' ],
100 silly audit   espree: [ '9.6.1' ],
100 silly audit   esquery: [ '1.6.0' ],
100 silly audit   esrecurse: [ '4.3.0' ],
100 silly audit   estraverse: [ '5.3.0' ],
100 silly audit   esutils: [ '2.0.3' ],
100 silly audit   'fast-deep-equal': [ '3.1.3' ],
100 silly audit   'fast-glob': [ '3.3.3' ],
100 silly audit   'fast-json-stable-stringify': [ '2.1.0' ],
100 silly audit   'fast-levenshtein': [ '2.0.6' ],
100 silly audit   fastq: [ '1.19.1' ],
100 silly audit   'file-entry-cache': [ '6.0.1' ],
100 silly audit   'fill-range': [ '7.1.1' ],
100 silly audit   'find-up': [ '5.0.0' ],
100 silly audit   'flat-cache': [ '3.2.0' ],
100 silly audit   flatted: [ '3.3.3' ],
100 silly audit   'for-each': [ '0.3.5' ],
100 silly audit   'foreground-child': [ '3.3.1' ],
100 silly audit   'fraction.js': [ '4.3.7' ],
100 silly audit   'fs.realpath': [ '1.0.0' ],
100 silly audit   fsevents: [ '2.3.3' ],
100 silly audit   'function-bind': [ '1.1.2' ],
100 silly audit   'function.prototype.name': [ '1.1.8' ],
100 silly audit   'functions-have-names': [ '1.2.3' ],
100 silly audit   'get-intrinsic': [ '1.3.0' ],
100 silly audit   'get-proto': [ '1.0.1' ],
100 silly audit   'get-symbol-description': [ '1.1.0' ],
100 silly audit   'get-tsconfig': [ '4.10.0' ],
100 silly audit   glob: [ '10.3.10', '7.2.3' ],
100 silly audit   globals: [ '13.24.0' ],
100 silly audit   globalthis: [ '1.0.4' ],
100 silly audit   globby: [ '11.1.0' ],
100 silly audit   gopd: [ '1.2.0' ],
100 silly audit   'graceful-fs': [ '4.2.11' ],
100 silly audit   graphemer: [ '1.4.0' ],
100 silly audit   'has-bigints': [ '1.1.0' ],
100 silly audit   'has-flag': [ '4.0.0' ],
100 silly audit   'has-property-descriptors': [ '1.0.2' ],
100 silly audit   'has-proto': [ '1.2.0' ],
100 silly audit   'has-symbols': [ '1.1.0' ],
100 silly audit   'has-tostringtag': [ '1.0.2' ],
100 silly audit   hasown: [ '2.0.2' ],
100 silly audit   ignore: [ '5.3.2' ],
100 silly audit   'import-fresh': [ '3.3.1' ],
100 silly audit   imurmurhash: [ '0.1.4' ],
100 silly audit   inflight: [ '1.0.6' ],
100 silly audit   inherits: [ '2.0.4' ],
100 silly audit   'internal-slot': [ '1.1.0' ],
100 silly audit   'is-array-buffer': [ '3.0.5' ],
100 silly audit   'is-async-function': [ '2.1.1' ],
100 silly audit   'is-bigint': [ '1.1.0' ],
100 silly audit   'is-binary-path': [ '2.1.0' ],
100 silly audit   'is-boolean-object': [ '1.2.2' ],
100 silly audit   'is-bun-module': [ '2.0.0' ],
100 silly audit   'is-callable': [ '1.2.7' ],
100 silly audit   'is-core-module': [ '2.16.1' ],
100 silly audit   'is-data-view': [ '1.0.2' ],
100 silly audit   'is-date-object': [ '1.1.0' ],
100 silly audit   'is-extglob': [ '2.1.1' ],
100 silly audit   'is-finalizationregistry': [ '1.1.1' ],
100 silly audit   'is-fullwidth-code-point': [ '3.0.0' ],
100 silly audit   'is-generator-function': [ '1.1.0' ],
100 silly audit   'is-glob': [ '4.0.3' ],
100 silly audit   'is-map': [ '2.0.3' ],
100 silly audit   'is-number': [ '7.0.0' ],
100 silly audit   'is-number-object': [ '1.1.1' ],
100 silly audit   'is-path-inside': [ '3.0.3' ],
100 silly audit   'is-regex': [ '1.2.1' ],
100 silly audit   'is-set': [ '2.0.3' ],
100 silly audit   'is-shared-array-buffer': [ '1.0.4' ],
100 silly audit   'is-string': [ '1.1.1' ],
100 silly audit   'is-symbol': [ '1.1.1' ],
100 silly audit   'is-typed-array': [ '1.1.15' ],
100 silly audit   'is-weakmap': [ '2.0.2' ],
100 silly audit   'is-weakref': [ '1.1.1' ],
100 silly audit   'is-weakset': [ '2.0.4' ],
100 silly audit   isarray: [ '2.0.5' ],
100 silly audit   isexe: [ '2.0.0' ],
100 silly audit   'iterator.prototype': [ '1.1.5' ],
100 silly audit   jackspeak: [ '2.3.6' ],
100 silly audit   jiti: [ '1.21.7' ],
100 silly audit   'js-tokens': [ '4.0.0' ],
100 silly audit   'js-yaml': [ '4.1.0' ],
100 silly audit   'json-buffer': [ '3.0.1' ],
100 silly audit   'json-schema-traverse': [ '0.4.1' ],
100 silly audit   'json-stable-stringify-without-jsonify': [ '1.0.1' ],
100 silly audit   json5: [ '1.0.2' ],
100 silly audit   'jsx-ast-utils': [ '3.3.5' ],
100 silly audit   keyv: [ '4.5.4' ],
100 silly audit   'language-subtag-registry': [ '0.3.23' ],
100 silly audit   'language-tags': [ '1.0.9' ],
100 silly audit   levn: [ '0.4.1' ],
100 silly audit   lilconfig: [ '3.1.3' ],
100 silly audit   'lines-and-columns': [ '1.2.4' ],
100 silly audit   'locate-path': [ '6.0.0' ],
100 silly audit   'lodash.merge': [ '4.6.2' ],
100 silly audit   'loose-envify': [ '1.4.0' ],
100 silly audit   'lru-cache': [ '10.4.3' ],
100 silly audit   'math-intrinsics': [ '1.1.0' ],
100 silly audit   merge2: [ '1.4.1' ],
100 silly audit   micromatch: [ '4.0.8' ],
100 silly audit   minimist: [ '1.2.8' ],
100 silly audit   minipass: [ '7.1.2' ],
100 silly audit   'motion-dom': [ '11.18.1' ],
100 silly audit   'motion-utils': [ '11.18.1' ],
100 silly audit   ms: [ '2.1.3' ],
100 silly audit   mz: [ '2.7.0' ],
100 silly audit   nanoid: [ '3.3.11' ],
100 silly audit   'natural-compare': [ '1.4.0' ],
100 silly audit   next: [ '14.2.0' ],
100 silly audit   postcss: [ '8.4.31', '8.5.3' ],
100 silly audit   'node-releases': [ '2.0.19' ],
100 silly audit   'normalize-path': [ '3.0.0' ],
100 silly audit   'normalize-range': [ '0.1.2' ],
100 silly audit   'object-assign': [ '4.1.1' ],
100 silly audit   'object-hash': [ '3.0.0' ],
100 silly audit   'object-inspect': [ '1.13.4' ],
100 silly audit   'object-keys': [ '1.1.1' ],
100 silly audit   'object.assign': [ '4.1.7' ],
100 silly audit   'object.entries': [ '1.1.9' ],
100 silly audit   'object.fromentries': [ '2.0.8' ],
100 silly audit   'object.groupby': [ '1.0.3' ],
100 silly audit   'object.values': [ '1.2.1' ],
100 silly audit   once: [ '1.4.0' ],
100 silly audit   optionator: [ '0.9.4' ],
100 silly audit   'own-keys': [ '1.0.1' ],
100 silly audit   'p-limit': [ '3.1.0' ],
100 silly audit   'p-locate': [ '5.0.0' ],
100 silly audit   'parent-module': [ '1.0.1' ],
100 silly audit   'path-exists': [ '4.0.0' ],
100 silly audit   'path-is-absolute': [ '1.0.1' ],
100 silly audit   'path-key': [ '3.1.1' ],
100 silly audit   'path-parse': [ '1.0.7' ],
100 silly audit   'path-scurry': [ '1.11.1' ],
100 silly audit   'path-type': [ '4.0.0' ],
100 silly audit   picocolors: [ '1.1.1' ],
100 silly audit   picomatch: [ '2.3.1', '4.0.2' ],
100 silly audit   pify: [ '2.3.0' ],
100 silly audit   pirates: [ '4.0.7' ],
100 silly audit   'possible-typed-array-names': [ '1.1.0' ],
100 silly audit   'postcss-import': [ '15.1.0' ],
100 silly audit   'postcss-js': [ '4.0.1' ],
100 silly audit   'postcss-nested': [ '6.2.0' ],
100 silly audit   'postcss-selector-parser': [ '6.1.2' ],
100 silly audit   'postcss-value-parser': [ '4.2.0' ],
100 silly audit   'prelude-ls': [ '1.2.1' ],
100 silly audit   'prop-types': [ '15.8.1' ],
100 silly audit   punycode: [ '2.3.1' ],
100 silly audit   'queue-microtask': [ '1.2.3' ],
100 silly audit   react: [ '18.3.1' ],
100 silly audit   'react-dom': [ '18.3.1' ],
100 silly audit   'react-is': [ '16.13.1' ],
100 silly audit   'read-cache': [ '1.0.0' ],
100 silly audit   readdirp: [ '3.6.0' ],
100 silly audit   'reflect.getprototypeof': [ '1.0.10' ],
100 silly audit   'regexp.prototype.flags': [ '1.5.4' ],
100 silly audit   'resolve-from': [ '4.0.0' ],
100 silly audit   'resolve-pkg-maps': [ '1.0.0' ],
100 silly audit   reusify: [ '1.1.0' ],
100 silly audit   rimraf: [ '3.0.2' ],
100 silly audit   'run-parallel': [ '1.2.0' ],
100 silly audit   'safe-array-concat': [ '1.1.3' ],
100 silly audit   'safe-push-apply': [ '1.0.0' ],
100 silly audit   'safe-regex-test': [ '1.1.0' ],
100 silly audit   scheduler: [ '0.23.2' ],
100 silly audit   'set-function-length': [ '1.2.2' ],
100 silly audit   'set-function-name': [ '2.0.2' ],
100 silly audit   'set-proto': [ '1.0.0' ],
100 silly audit   'shebang-command': [ '2.0.0' ],
100 silly audit   'shebang-regex': [ '3.0.0' ],
100 silly audit   'side-channel': [ '1.1.0' ],
100 silly audit   'side-channel-list': [ '1.0.0' ],
100 silly audit   'side-channel-map': [ '1.0.1' ],
100 silly audit   'side-channel-weakmap': [ '1.0.2' ],
100 silly audit   'signal-exit': [ '4.1.0' ],
100 silly audit   slash: [ '3.0.0' ],
100 silly audit   'source-map-js': [ '1.2.1' ],
100 silly audit   'stable-hash': [ '0.0.5' ],
100 silly audit   streamsearch: [ '1.1.0' ],
100 silly audit   'string-width': [ '5.1.2', '4.2.3' ],
100 silly audit   'string.prototype.includes': [ '2.0.1' ],
100 silly audit   'string.prototype.matchall': [ '4.0.12' ],
100 silly audit   'string.prototype.repeat': [ '1.0.0' ],
100 silly audit   'string.prototype.trim': [ '1.2.10' ],
100 silly audit   'string.prototype.trimend': [ '1.0.9' ],
100 silly audit   'string.prototype.trimstart': [ '1.0.8' ],
100 silly audit   'strip-bom': [ '3.0.0' ],
100 silly audit   'strip-json-comments': [ '3.1.1' ],
100 silly audit   'styled-jsx': [ '5.1.1' ],
100 silly audit   sucrase: [ '3.35.0' ],
100 silly audit   'supports-color': [ '7.2.0' ],
100 silly audit   'supports-preserve-symlinks-flag': [ '1.0.0' ],
100 silly audit   tailwindcss: [ '3.4.17' ],
100 silly audit   'postcss-load-config': [ '4.0.2' ],
100 silly audit   'text-table': [ '0.2.0' ],
100 silly audit   thenify: [ '3.3.1' ],
100 silly audit   'thenify-all': [ '1.6.0' ],
100 silly audit   tinyglobby: [ '0.2.12' ],
100 silly audit   fdir: [ '6.4.3' ],
100 silly audit   'to-regex-range': [ '5.0.1' ],
100 silly audit   'ts-api-utils': [ '1.4.3' ],
100 silly audit   'ts-interface-checker': [ '0.1.13' ],
100 silly audit   'tsconfig-paths': [ '3.15.0' ],
100 silly audit   tslib: [ '2.8.1' ],
100 silly audit   'type-check': [ '0.4.0' ],
100 silly audit   'type-fest': [ '0.20.2' ],
100 silly audit   'typed-array-buffer': [ '1.0.3' ],
100 silly audit   'typed-array-byte-length': [ '1.0.3' ],
100 silly audit   'typed-array-byte-offset': [ '1.0.4' ],
100 silly audit   'typed-array-length': [ '1.0.7' ],
100 silly audit   typescript: [ '5.8.3' ],
100 silly audit   'unbox-primitive': [ '1.1.0' ],
100 silly audit   'undici-types': [ '6.19.8' ],
100 silly audit   'unrs-resolver': [ '1.5.0' ],
100 silly audit   'update-browserslist-db': [ '1.1.3' ],
100 silly audit   'uri-js': [ '4.4.1' ],
100 silly audit   'util-deprecate': [ '1.0.2' ],
100 silly audit   which: [ '2.0.2' ],
100 silly audit   'which-boxed-primitive': [ '1.1.1' ],
100 silly audit   'which-builtin-type': [ '1.2.1' ],
100 silly audit   'which-collection': [ '1.0.2' ],
100 silly audit   'which-typed-array': [ '1.1.19' ],
100 silly audit   'word-wrap': [ '1.2.5' ],
100 silly audit   'wrap-ansi': [ '8.1.0', '7.0.0' ],
100 silly audit   wrappy: [ '1.0.2' ],
100 silly audit   yaml: [ '2.7.1' ],
100 silly audit   'yocto-queue': [ '0.1.0' ],
100 silly audit   '@hookform/resolvers': [ '3.10.0' ],
100 silly audit   '@radix-ui/react-icons': [ '1.3.2' ],
100 silly audit   '@radix-ui/react-slot': [ '1.2.0' ],
100 silly audit   'class-variance-authority': [ '0.7.1' ],
100 silly audit   clsx: [ '2.1.1' ],
100 silly audit   'framer-motion': [ '11.18.2' ],
100 silly audit   'lucide-react': [ '0.358.0' ],
100 silly audit   'next-themes': [ '0.3.0' ],
100 silly audit   'react-hook-form': [ '7.55.0' ],
100 silly audit   sonner: [ '1.7.4' ],
100 silly audit   'tailwind-merge': [ '2.6.0' ],
100 silly audit   'tailwindcss-animate': [ '1.0.7' ],
100 silly audit   zod: [ '3.24.3' ]
100 silly audit }
101 verbose reify failed optional dependency /Users/zach/Downloads/Nomad Magic/node_modules/@unrs/resolver-binding-win32-x64-msvc
102 silly reify mark deleted [
102 silly reify   '/Users/zach/Downloads/Nomad Magic/node_modules/@unrs/resolver-binding-win32-x64-msvc'
102 silly reify ]
103 verbose reify failed optional dependency /Users/zach/Downloads/Nomad Magic/node_modules/@unrs/resolver-binding-win32-ia32-msvc
104 silly reify mark deleted [
104 silly reify   '/Users/zach/Downloads/Nomad Magic/node_modules/@unrs/resolver-binding-win32-ia32-msvc'
104 silly reify ]
105 verbose reify failed optional dependency /Users/zach/Downloads/Nomad Magic/node_modules/@unrs/resolver-binding-win32-arm64-msvc
106 silly reify mark deleted [
106 silly reify   '/Users/zach/Downloads/Nomad Magic/node_modules/@unrs/resolver-binding-win32-arm64-msvc'
106 silly reify ]
107 verbose reify failed optional dependency /Users/zach/Downloads/Nomad Magic/node_modules/@unrs/resolver-binding-wasm32-wasi
108 silly reify mark deleted [
108 silly reify   '/Users/zach/Downloads/Nomad Magic/node_modules/@unrs/resolver-binding-wasm32-wasi'
108 silly reify ]
109 verbose reify failed optional dependency /Users/zach/Downloads/Nomad Magic/node_modules/@napi-rs/wasm-runtime
110 silly reify mark deleted [
110 silly reify   '/Users/zach/Downloads/Nomad Magic/node_modules/@napi-rs/wasm-runtime'
110 silly reify ]
111 verbose reify failed optional dependency /Users/zach/Downloads/Nomad Magic/node_modules/@emnapi/core
112 silly reify mark deleted [ '/Users/zach/Downloads/Nomad Magic/node_modules/@emnapi/core' ]
113 verbose reify failed optional dependency /Users/zach/Downloads/Nomad Magic/node_modules/@emnapi/runtime
114 silly reify mark deleted [ '/Users/zach/Downloads/Nomad Magic/node_modules/@emnapi/runtime' ]
115 verbose reify failed optional dependency /Users/zach/Downloads/Nomad Magic/node_modules/@tybys/wasm-util
116 silly reify mark deleted [ '/Users/zach/Downloads/Nomad Magic/node_modules/@tybys/wasm-util' ]
117 verbose reify failed optional dependency /Users/zach/Downloads/Nomad Magic/node_modules/@emnapi/wasi-threads
118 silly reify mark deleted [
118 silly reify   '/Users/zach/Downloads/Nomad Magic/node_modules/@emnapi/wasi-threads'
118 silly reify ]
119 verbose reify failed optional dependency /Users/zach/Downloads/Nomad Magic/node_modules/@unrs/resolver-binding-linux-x64-musl
120 silly reify mark deleted [
120 silly reify   '/Users/zach/Downloads/Nomad Magic/node_modules/@unrs/resolver-binding-linux-x64-musl'
120 silly reify ]
121 verbose reify failed optional dependency /Users/zach/Downloads/Nomad Magic/node_modules/@unrs/resolver-binding-linux-x64-gnu
122 silly reify mark deleted [
122 silly reify   '/Users/zach/Downloads/Nomad Magic/node_modules/@unrs/resolver-binding-linux-x64-gnu'
122 silly reify ]
123 verbose reify failed optional dependency /Users/zach/Downloads/Nomad Magic/node_modules/@unrs/resolver-binding-linux-s390x-gnu
124 silly reify mark deleted [
124 silly reify   '/Users/zach/Downloads/Nomad Magic/node_modules/@unrs/resolver-binding-linux-s390x-gnu'
124 silly reify ]
125 verbose reify failed optional dependency /Users/zach/Downloads/Nomad Magic/node_modules/@unrs/resolver-binding-linux-riscv64-gnu
126 silly reify mark deleted [
126 silly reify   '/Users/zach/Downloads/Nomad Magic/node_modules/@unrs/resolver-binding-linux-riscv64-gnu'
126 silly reify ]
127 verbose reify failed optional dependency /Users/zach/Downloads/Nomad Magic/node_modules/@unrs/resolver-binding-linux-ppc64-gnu
128 silly reify mark deleted [
128 silly reify   '/Users/zach/Downloads/Nomad Magic/node_modules/@unrs/resolver-binding-linux-ppc64-gnu'
128 silly reify ]
129 verbose reify failed optional dependency /Users/zach/Downloads/Nomad Magic/node_modules/@unrs/resolver-binding-linux-arm64-musl
130 silly reify mark deleted [
130 silly reify   '/Users/zach/Downloads/Nomad Magic/node_modules/@unrs/resolver-binding-linux-arm64-musl'
130 silly reify ]
131 verbose reify failed optional dependency /Users/zach/Downloads/Nomad Magic/node_modules/@unrs/resolver-binding-linux-arm64-gnu
132 silly reify mark deleted [
132 silly reify   '/Users/zach/Downloads/Nomad Magic/node_modules/@unrs/resolver-binding-linux-arm64-gnu'
132 silly reify ]
133 verbose reify failed optional dependency /Users/zach/Downloads/Nomad Magic/node_modules/@unrs/resolver-binding-linux-arm-musleabihf
134 silly reify mark deleted [
134 silly reify   '/Users/zach/Downloads/Nomad Magic/node_modules/@unrs/resolver-binding-linux-arm-musleabihf'
134 silly reify ]
135 verbose reify failed optional dependency /Users/zach/Downloads/Nomad Magic/node_modules/@unrs/resolver-binding-linux-arm-gnueabihf
136 silly reify mark deleted [
136 silly reify   '/Users/zach/Downloads/Nomad Magic/node_modules/@unrs/resolver-binding-linux-arm-gnueabihf'
136 silly reify ]
137 verbose reify failed optional dependency /Users/zach/Downloads/Nomad Magic/node_modules/@unrs/resolver-binding-freebsd-x64
138 silly reify mark deleted [
138 silly reify   '/Users/zach/Downloads/Nomad Magic/node_modules/@unrs/resolver-binding-freebsd-x64'
138 silly reify ]
139 verbose reify failed optional dependency /Users/zach/Downloads/Nomad Magic/node_modules/@unrs/resolver-binding-darwin-x64
140 silly reify mark deleted [
140 silly reify   '/Users/zach/Downloads/Nomad Magic/node_modules/@unrs/resolver-binding-darwin-x64'
140 silly reify ]
141 verbose reify failed optional dependency /Users/zach/Downloads/Nomad Magic/node_modules/@next/swc-win32-x64-msvc
142 silly reify mark deleted [
142 silly reify   '/Users/zach/Downloads/Nomad Magic/node_modules/@next/swc-win32-x64-msvc'
142 silly reify ]
143 verbose reify failed optional dependency /Users/zach/Downloads/Nomad Magic/node_modules/@next/swc-win32-ia32-msvc
144 silly reify mark deleted [
144 silly reify   '/Users/zach/Downloads/Nomad Magic/node_modules/@next/swc-win32-ia32-msvc'
144 silly reify ]
145 verbose reify failed optional dependency /Users/zach/Downloads/Nomad Magic/node_modules/@next/swc-win32-arm64-msvc
146 silly reify mark deleted [
146 silly reify   '/Users/zach/Downloads/Nomad Magic/node_modules/@next/swc-win32-arm64-msvc'
146 silly reify ]
147 verbose reify failed optional dependency /Users/zach/Downloads/Nomad Magic/node_modules/@next/swc-linux-x64-musl
148 silly reify mark deleted [
148 silly reify   '/Users/zach/Downloads/Nomad Magic/node_modules/@next/swc-linux-x64-musl'
148 silly reify ]
149 verbose reify failed optional dependency /Users/zach/Downloads/Nomad Magic/node_modules/@next/swc-linux-x64-gnu
150 silly reify mark deleted [
150 silly reify   '/Users/zach/Downloads/Nomad Magic/node_modules/@next/swc-linux-x64-gnu'
150 silly reify ]
151 verbose reify failed optional dependency /Users/zach/Downloads/Nomad Magic/node_modules/@next/swc-linux-arm64-musl
152 silly reify mark deleted [
152 silly reify   '/Users/zach/Downloads/Nomad Magic/node_modules/@next/swc-linux-arm64-musl'
152 silly reify ]
153 verbose reify failed optional dependency /Users/zach/Downloads/Nomad Magic/node_modules/@next/swc-linux-arm64-gnu
154 silly reify mark deleted [
154 silly reify   '/Users/zach/Downloads/Nomad Magic/node_modules/@next/swc-linux-arm64-gnu'
154 silly reify ]
155 verbose reify failed optional dependency /Users/zach/Downloads/Nomad Magic/node_modules/@next/swc-darwin-x64
156 silly reify mark deleted [
156 silly reify   '/Users/zach/Downloads/Nomad Magic/node_modules/@next/swc-darwin-x64'
156 silly reify ]
157 http fetch POST 200 https://registry.npmjs.org/-/npm/v1/security/advisories/bulk 323ms
158 silly audit report {
158 silly audit report   next: [
158 silly audit report     {
158 silly audit report       id: 1099638,
158 silly audit report       url: 'https://github.com/advisories/GHSA-gp8f-8m3g-qvj9',
158 silly audit report       title: 'Next.js Cache Poisoning',
158 silly audit report       severity: 'high',
158 silly audit report       vulnerable_versions: '>=14.0.0 <14.2.10',
158 silly audit report       cwe: [Array],
158 silly audit report       cvss: [Object]
158 silly audit report     },
158 silly audit report     {
158 silly audit report       id: 1100421,
158 silly audit report       url: 'https://github.com/advisories/GHSA-g77x-44xx-532m',
158 silly audit report       title: 'Denial of Service condition in Next.js image optimization',
158 silly audit report       severity: 'moderate',
158 silly audit report       vulnerable_versions: '>=10.0.0 <14.2.7',
158 silly audit report       cwe: [Array],
158 silly audit report       cvss: [Object]
158 silly audit report     },
158 silly audit report     {
158 silly audit report       id: 1101380,
158 silly audit report       url: 'https://github.com/advisories/GHSA-7gfc-8cq8-jh5f',
158 silly audit report       title: 'Next.js authorization bypass vulnerability',
158 silly audit report       severity: 'high',
158 silly audit report       vulnerable_versions: '>=9.5.5 <14.2.15',
158 silly audit report       cwe: [Array],
158 silly audit report       cvss: [Object]
158 silly audit report     },
158 silly audit report     {
158 silly audit report       id: 1101438,
158 silly audit report       url: 'https://github.com/advisories/GHSA-7m27-7ghc-44w9',
158 silly audit report       title: 'Next.js Allows a Denial of Service (DoS) with Server Actions',
158 silly audit report       severity: 'moderate',
158 silly audit report       vulnerable_versions: '>=14.0.0 <14.2.21',
158 silly audit report       cwe: [Array],
158 silly audit report       cvss: [Object]
158 silly audit report     },
158 silly audit report     {
158 silly audit report       id: 1103622,
158 silly audit report       url: 'https://github.com/advisories/GHSA-f82v-jwr5-mffw',
158 silly audit report       title: 'Authorization Bypass in Next.js Middleware',
158 silly audit report       severity: 'critical',
158 silly audit report       vulnerable_versions: '>=14.0.0 <14.2.25',
158 silly audit report       cwe: [Array],
158 silly audit report       cvss: [Object]
158 silly audit report     }
158 silly audit report   ]
158 silly audit report }
159 silly packumentCache corgi:https://registry.npmjs.org/next cache-miss
160 http fetch GET 200 https://registry.npmjs.org/next 24ms (cache hit)
161 silly packumentCache corgi:https://registry.npmjs.org/next set size:19641598 disposed:false
162 silly ADD node_modules/fsevents
163 silly ADD
164 silly ADD
165 silly ADD
166 silly ADD
167 silly ADD
168 silly ADD
169 silly ADD
170 silly ADD
171 silly ADD
172 silly ADD
173 silly ADD
174 silly ADD
175 silly ADD
176 silly ADD
177 silly ADD
178 silly ADD
179 silly ADD
180 silly ADD
181 silly ADD
182 silly ADD
183 silly ADD
184 silly ADD
185 silly ADD
186 silly ADD
187 silly ADD
188 silly ADD
189 silly ADD
190 silly ADD
191 verbose cwd /Users/zach/Downloads/Nomad Magic
192 verbose os Darwin 24.3.0
193 verbose node v18.20.8
194 verbose npm  v10.8.2
195 verbose exit 0
196 info ok
